Build started 20/11/2014 20:23:54.
     1>Project "C:\Users\Jason\Desktop\Pirate Adventure\Pirate Adventure\Pirate Adventure.vcxproj" on node 2 (Build target(s)).
     1>ClCompile:
         C:\Program Files (x86)\Microsoft Visual Studio 11.0\VC\bin\CL.exe /c /I"C:\SFML-2.1\include" /ZI /nologo /W3 /WX- /sdl /Od /Oy- /D WIN32 /D _DEBUG /D _CONSOLE /D _UNICODE /D UNICODE /Gm /EHsc /RTC1 /MDd /GS /fp:precise /Zc:wchar_t /Zc:forScope /Yc"stdafx.h" /Fp"Debug\Pirate Adventure.pch" /Fo"Debug\\" /Fd"Debug\vc110.pdb" /Gd /TP /analyze- /errorReport:prompt stdafx.cpp
         stdafx.cpp
     1>c:\users\jason\desktop\pirate adventure\pirate adventure\tilemap.h(32): warning C4244: 'argument' : conversion from 'unsigned int' to 'float', possible loss of data
     1>c:\users\jason\desktop\pirate adventure\pirate adventure\tilemap.h(33): warning C4244: 'argument' : conversion from 'unsigned int' to 'float', possible loss of data
     1>c:\users\jason\desktop\pirate adventure\pirate adventure\tilemap.h(34): warning C4244: 'argument' : conversion from 'unsigned int' to 'float', possible loss of data
     1>c:\users\jason\desktop\pirate adventure\pirate adventure\tilemap.h(35): warning C4244: 'argument' : conversion from 'unsigned int' to 'float', possible loss of data
     1>c:\users\jason\desktop\pirate adventure\pirate adventure\tilemap.h(38): warning C4244: 'argument' : conversion from 'unsigned int' to 'float', possible loss of data
     1>c:\users\jason\desktop\pirate adventure\pirate adventure\tilemap.h(39): warning C4244: 'argument' : conversion from 'unsigned int' to 'float', possible loss of data
     1>c:\users\jason\desktop\pirate adventure\pirate adventure\tilemap.h(40): warning C4244: 'argument' : conversion from 'unsigned int' to 'float', possible loss of data
     1>c:\users\jason\desktop\pirate adventure\pirate adventure\tilemap.h(41): warning C4244: 'argument' : conversion from 'unsigned int' to 'float', possible loss of data
         C:\Program Files (x86)\Microsoft Visual Studio 11.0\VC\bin\CL.exe /c /I"C:\SFML-2.1\include" /ZI /nologo /W3 /WX- /sdl /Od /Oy- /D WIN32 /D _DEBUG /D _CONSOLE /D _UNICODE /D UNICODE /Gm /EHsc /RTC1 /MDd /GS /fp:precise /Zc:wchar_t /Zc:forScope /Yu"stdafx.h" /Fp"Debug\Pirate Adventure.pch" /Fo"Debug\\" /Fd"Debug\vc110.pdb" /Gd /TP /analyze- /errorReport:prompt "Pirate Adventure.cpp" Player.cpp
         Pirate Adventure.cpp
         Generating Code...
         Skipping... (no relevant changes detected)
         Player.cpp
       Link:
         C:\Program Files (x86)\Microsoft Visual Studio 11.0\VC\bin\link.exe /ERRORREPORT:PROMPT /OUT:"C:\Users\Jason\Desktop\Pirate Adventure\Debug\Pirate Adventure.exe" /INCREMENTAL /NOLOGO /LIBPATH:"C:\SFML-2.1\lib" kernel32.lib user32.lib gdi32.lib winspool.lib comdlg32.lib advapi32.lib shell32.lib ole32.lib oleaut32.lib uuid.lib odbc32.lib odbccp32.lib /MANIFEST /MANIFESTUAC:"level='asInvoker' uiAccess='false'" /manifest:embed /DEBUG /PDB:"C:\Users\Jason\Desktop\Pirate Adventure\Debug\Pirate Adventure.pdb" /SUBSYSTEM:CONSOLE /TLBID:1 /DYNAMICBASE /NXCOMPAT /IMPLIB:"C:\Users\Jason\Desktop\Pirate Adventure\Debug\Pirate Adventure.lib" /MACHINE:X86 "Debug\Pirate Adventure.obj"
         Debug\Player.obj
         Debug\stdafx.obj
         Pirate Adventure.vcxproj -> C:\Users\Jason\Desktop\Pirate Adventure\Debug\Pirate Adventure.exe
     1>Done Building Project "C:\Users\Jason\Desktop\Pirate Adventure\Pirate Adventure\Pirate Adventure.vcxproj" (Build target(s)).

Build succeeded.

Time Elapsed 00:00:04.75
